# JRE version: Java(TM) SE Runtime Environment (8.0_51-b16) (build 1.8.0_51-b16)
# Java VM: Java HotSpot(TM) 64-Bit Server VM (25.51-b03 mixed mode bsd-amd64 compressed oops)
Heap:
 PSYoungGen      total 76288K, used 22365K [0x000000076ab00000, 0x0000000770000000, 0x00000007c0000000)
  eden space 65536K, 17% used [0x000000076ab00000,0x000000076b657d10,0x000000076eb00000)
  from space 10752K, 99% used [0x000000076eb00000,0x000000076f57f920,0x000000076f580000)
  to   space 10752K, 0% used [0x000000076f580000,0x000000076f580000,0x0000000770000000)
 ParOldGen       total 175104K, used 12831K [0x00000006c0000000, 0x00000006cab00000, 0x000000076ab00000)
  object space 175104K, 7% used [0x00000006c0000000,0x00000006c0c87f18,0x00000006cab00000)
 Metaspace       used 20168K, capacity 20474K, committed 20864K, reserved 1067008K
  class space    used 2294K, capacity 2394K, committed 2432K, reserved 1048576K
GC Heap History (6 events):
Event: 11.314 GC heap before
{Heap before GC invocations=1 (full 0):
 PSYoungGen      total 76288K, used 65536K [0x000000076ab00000, 0x0000000770000000, 0x00000007c0000000)
  eden space 65536K, 100% used [0x000000076ab00000,0x000000076eb00000,0x000000076eb00000)
  from space 10752K, 0% used [0x000000076f580000,0x000000076f580000,0x0000000770000000)
  to   space 10752K, 0% used [0x000000076eb00000,0x000000076eb00000,0x000000076f580000)
 ParOldGen       total 175104K, used 0K [0x00000006c0000000, 0x00000006cab00000, 0x000000076ab00000)
  object space 175104K, 0% used [0x00000006c0000000,0x00000006c0000000,0x00000006cab00000)
 Metaspace       used 17784K, capacity 18094K, committed 18432K, reserved 1064960K
  class space    used 2100K, capacity 2200K, committed 2304K, reserved 1048576K
Event: 11.320 GC heap after
Heap after GC invocations=1 (full 0):
 PSYoungGen      total 76288K, used 8051K [0x000000076ab00000, 0x0000000770000000, 0x00000007c0000000)
  eden space 65536K, 0% used [0x000000076ab00000,0x000000076ab00000,0x000000076eb00000)
  from space 10752K, 74% used [0x000000076eb00000,0x000000076f2dcd78,0x000000076f580000)
  to   space 10752K, 0% used [0x000000076f580000,0x000000076f580000,0x0000000770000000)
 ParOldGen       total 175104K, used 24K [0x00000006c0000000, 0x00000006cab00000, 0x000000076ab00000)
  object space 175104K, 0% used [0x00000006c0000000,0x00000006c0006000,0x00000006cab00000)
 Metaspace       used 17784K, capacity 18094K, committed 18432K, reserved 1064960K
  class space    used 2100K, capacity 2200K, committed 2304K, reserved 1048576K
}
Event: 19042.668 GC heap before
{Heap before GC invocations=2 (full 0):
 PSYoungGen      total 76288K, used 68520K [0x000000076ab00000, 0x0000000770000000, 0x00000007c0000000)
  eden space 65536K, 92% used [0x000000076ab00000,0x000000076e60d518,0x000000076eb00000)
  from space 10752K, 74% used [0x000000076eb00000,0x000000076f2dcd78,0x000000076f580000)
  to   space 10752K, 0% used [0x000000076f580000,0x000000076f580000,0x0000000770000000)
 ParOldGen       total 175104K, used 24K [0x00000006c0000000, 0x00000006cab00000, 0x000000076ab00000)
  object space 175104K, 0% used [0x00000006c0000000,0x00000006c0006000,0x00000006cab00000)
 Metaspace       used 19846K, capacity 20090K, committed 20352K, reserved 1067008K
  class space    used 2292K, capacity 2394K, committed 2432K, reserved 1048576K
Event: 19042.705 GC heap after
Heap after GC invocations=2 (full 0):
 PSYoungGen      total 76288K, used 10730K [0x000000076ab00000, 0x0000000770000000, 0x00000007c0000000)
  eden space 65536K, 0% used [0x000000076ab00000,0x000000076ab00000,0x000000076eb00000)
  from space 10752K, 99% used [0x000000076f580000,0x000000076fffa910,0x0000000770000000)
  to   space 10752K, 0% used [0x000000076eb00000,0x000000076eb00000,0x000000076f580000)
 ParOldGen       total 175104K, used 339K [0x00000006c0000000, 0x00000006cab00000, 0x000000076ab00000)
  object space 175104K, 0% used [0x00000006c0000000,0x00000006c0054eb8,0x00000006cab00000)
 Metaspace       used 19846K, capacity 20090K, committed 20352K, reserved 1067008K
  class space    used 2292K, capacity 2394K, committed 2432K, reserved 1048576K
}
Event: 68346.468 GC heap before
{Heap before GC invocations=3 (full 0):
 PSYoungGen      total 76288K, used 70840K [0x000000076ab00000, 0x0000000770000000, 0x00000007c0000000)
  eden space 65536K, 91% used [0x000000076ab00000,0x000000076e5b39e0,0x000000076eb00000)
  from space 10752K, 99% used [0x000000076f580000,0x000000076fffa910,0x0000000770000000)
  to   space 10752K, 0% used [0x000000076eb00000,0x000000076eb00000,0x000000076f580000)
 ParOldGen       total 175104K, used 339K [0x00000006c0000000, 0x00000006cab00000, 0x000000076ab00000)
  object space 175104K, 0% used [0x00000006c0000000,0x00000006c0054eb8,0x00000006cab00000)
 Metaspace       used 20165K, capacity 20474K, committed 20864K, reserved 1067008K
  class space    used 2293K, capacity 2394K, committed 2432K, reserved 1048576K
Event: 68346.498 GC heap after
Heap after GC invocations=3 (full 0):
 PSYoungGen      total 76288K, used 10750K [0x000000076ab00000, 0x0000000770000000, 0x00000007c0000000)
  eden space 65536K, 0% used [0x000000076ab00000,0x000000076ab00000,0x000000076eb00000)
  from space 10752K, 99% used [0x000000076eb00000,0x000000076f57f920,0x000000076f580000)
  to   space 10752K, 0% used [0x000000076f580000,0x000000076f580000,0x0000000770000000)
 ParOldGen       total 175104K, used 12831K [0x00000006c0000000, 0x00000006cab00000, 0x000000076ab00000)
  object space 175104K, 7% used [0x00000006c0000000,0x00000006c0c87f18,0x00000006cab00000)
 Metaspace       used 20165K, capacity 20474K, committed 20864K, reserved 1067008K
  class space    used 2293K, capacity 2394K, committed 2432K, reserved 1048576K
}

